<?xml version="1.0" encoding="UTF-8"?>
<testng-results ignored="0" total="1" passed="1" failed="0" skipped="0">
  <reporter-output>
  </reporter-output>
  <suite started-at="2022-06-22T12:22:17 IST" name="Default suite" finished-at="2022-06-22T12:22:23 IST" duration-ms="6056">
    <groups>
    </groups>
    <test started-at="2022-06-22T12:22:17 IST" name="Default test" finished-at="2022-06-22T12:22:23 IST" duration-ms="6056">
      <class name="testNgStudy.testngbrowser">
        <test-method signature="testng()[pri:0, instance:testNgStudy.testngbrowser@fba92d3]" started-at="2022-06-22T12:22:17 IST" name="testng" finished-at="2022-06-22T12:22:23 IST" duration-ms="6012" status="PASS">
          <reporter-output>
          </reporter-output>
        </test-method> <!-- testng -->
      </class> <!-- testNgStudy.testngbrowser -->
    </test> <!-- Default test -->
  </suite> <!-- Default suite -->
</testng-results>
